0 info it worked if it ends with ok
1 verbose cli [ 'E:\\nodeJs\\node.exe',
1 verbose cli   'E:\\nodeJs\\node_modules\\npm\\bin\\npm-cli.js',
1 verbose cli   'run',
1 verbose cli   'dev' ]
2 info using npm@3.10.10
3 info using node@v7.3.0
4 verbose stack Error: ENOENT: no such file or directory, open 'E:\Coding\Blog-API\package.json'
5 verbose cwd E:\Coding\Blog-API
6 error Windows_NT 10.0.10586
7 error argv "E:\\nodeJs\\node.exe" "E:\\nodeJs\\node_modules\\npm\\bin\\npm-cli.js" "run" "dev"
8 error node v7.3.0
9 error npm  v3.10.10
10 error path E:\Coding\Blog-API\package.json
11 error code ENOENT
12 error errno -4058
13 error syscall open
14 error enoent ENOENT: no such file or directory, open 'E:\Coding\Blog-API\package.json'
15 error enoent ENOENT: no such file or directory, open 'E:\Coding\Blog-API\package.json'
15 error enoent This is most likely not a problem with npm itself
15 error enoent and is related to npm not being able to find a file.
16 verbose exit [ -4058, true ]
